{"level":"error","message":"ERROR: Thu Feb 13 2025 02:43:07 GMT+0530 (India Standard Time) - {\"name\":\"Failed to create user\",\"statuscode\":500,\"isOperational\":true}","timestamp":"2025-02-12T21:13:07.934Z"}
{"level":"error","message":"ERROR: Thu Feb 13 2025 22:30:02 GMT+0530 (India Standard Time) - {\"name\":\"Failed to create user\",\"statuscode\":500,\"isOperational\":true}","timestamp":"2025-02-13T17:00:02.332Z"}
{"level":"error","message":"ERROR: Thu Feb 13 2025 22:30:13 GMT+0530 (India Standard Time) - {\"name\":\"Failed to create user\",\"statuscode\":500,\"isOperational\":true}","timestamp":"2025-02-13T17:00:13.179Z"}
{"level":"error","message":"ERROR: Thu Feb 13 2025 22:31:47 GMT+0530 (India Standard Time) - {\"name\":\"Failed to login user\",\"statuscode\":500,\"isOperational\":true}","timestamp":"2025-02-13T17:01:47.970Z"}
{"level":"error","message":"ERROR: Thu Feb 13 2025 22:33:58 GMT+0530 (India Standard Time) - {\"name\":\"Failed to create user\",\"statuscode\":500,\"isOperational\":true}","timestamp":"2025-02-13T17:03:58.593Z"}
{"level":"error","message":"ERROR: Thu Feb 13 2025 22:35:01 GMT+0530 (India Standard Time) - {\"name\":\"Failed to create user\",\"statuscode\":500,\"isOperational\":true}","timestamp":"2025-02-13T17:05:01.002Z"}
{"level":"error","message":"ERROR: Thu Feb 13 2025 22:38:00 GMT+0530 (India Standard Time) - {\"name\":\"Failed to create user\",\"statuscode\":500,\"isOperational\":true}","timestamp":"2025-02-13T17:08:00.891Z"}
{"level":"error","message":"ERROR: Thu Feb 13 2025 22:38:07 GMT+0530 (India Standard Time) - {\"name\":\"Failed to create user\",\"statuscode\":500,\"isOperational\":true}","timestamp":"2025-02-13T17:08:07.795Z"}
{"level":"error","message":"ERROR: Thu Feb 13 2025 22:40:12 GMT+0530 (India Standard Time) - {\"name\":\"Failed to create user\",\"statuscode\":500,\"isOperational\":true}","timestamp":"2025-02-13T17:10:12.880Z"}
{"level":"error","message":"ERROR: Thu Feb 13 2025 22:40:22 GMT+0530 (India Standard Time) - {\"name\":\"Failed to create user\",\"statuscode\":500,\"isOperational\":true}","timestamp":"2025-02-13T17:10:22.667Z"}
{"level":"error","message":"ERROR: Thu Feb 13 2025 22:41:02 GMT+0530 (India Standard Time) - {\"name\":\"Failed to create user\",\"statuscode\":500,\"isOperational\":true}","timestamp":"2025-02-13T17:11:02.095Z"}
{"level":"error","message":"ERROR: Thu Feb 13 2025 22:41:08 GMT+0530 (India Standard Time) - {\"name\":\"Failed to create user\",\"statuscode\":500,\"isOperational\":true}","timestamp":"2025-02-13T17:11:08.353Z"}
{"level":"error","message":"ERROR: Thu Feb 13 2025 22:45:13 GMT+0530 (India Standard Time) - {\"name\":\"Failed to create user\",\"statuscode\":500,\"isOperational\":true}","timestamp":"2025-02-13T17:15:13.045Z"}
{"level":"error","message":"ERROR: Thu Feb 13 2025 22:46:04 GMT+0530 (India Standard Time) - {\"name\":\"Failed to login user\",\"statuscode\":500,\"isOperational\":true}","timestamp":"2025-02-13T17:16:04.327Z"}
{"level":"error","message":"ERROR: Thu Feb 13 2025 23:05:42 GMT+0530 (India Standard Time) - {\"name\":\"VALIDATION ERROR\",\"statuscode\":400,\"isOperational\":true}","timestamp":"2025-02-13T17:35:42.834Z"}
{"level":"error","message":"ERROR: Thu Feb 13 2025 23:06:07 GMT+0530 (India Standard Time) - {\"name\":\"VALIDATION ERROR\",\"statuscode\":400,\"isOperational\":true}","timestamp":"2025-02-13T17:36:07.837Z"}
{"level":"error","message":"ERROR: Thu Feb 13 2025 23:06:22 GMT+0530 (India Standard Time) - {\"expose\":true,\"statusCode\":400,\"status\":400,\"body\":\"{\\n  \\\"email\\\":\\\"12\\\",\\n  \\\"password\\\":'123'\\n  \\\"salt\\\":\\\"6\\\",\\n  \\\"phone\\\":\\\"123456789\\\"\\n}\",\"type\":\"entity.parse.failed\"}","timestamp":"2025-02-13T17:36:22.101Z"}
{"level":"error","message":"ERROR: Thu Feb 13 2025 23:06:41 GMT+0530 (India Standard Time) - {\"expose\":true,\"statusCode\":400,\"status\":400,\"body\":\"{\\n  \\\"email\\\":\\\"12\\\",\\n  \\\"password\\\":\\\"123\\\"\\n  \\\"salt\\\":\\\"6\\\",\\n  \\\"phone\\\":\\\"123456789\\\"\\n}\",\"type\":\"entity.parse.failed\"}","timestamp":"2025-02-13T17:36:41.262Z"}
{"level":"error","message":"ERROR: Thu Feb 13 2025 23:40:36 GMT+0530 (India Standard Time) - {}","timestamp":"2025-02-13T18:10:36.538Z"}
{"level":"error","message":"ERROR: Thu Feb 13 2025 23:41:06 GMT+0530 (India Standard Time) - {\"name\":\"add New Address\",\"statuscode\":500,\"isOperational\":true}","timestamp":"2025-02-13T18:11:06.640Z"}
{"level":"error","message":"ERROR: Thu Feb 13 2025 23:41:27 GMT+0530 (India Standard Time) - {\"name\":\"add New Address\",\"statuscode\":500,\"isOperational\":true}","timestamp":"2025-02-13T18:11:27.699Z"}
{"level":"error","message":"ERROR: Fri Feb 14 2025 00:17:30 GMT+0530 (India Standard Time) - {\"name\":\"UN_AUTHORIZED\",\"statuscode\":403,\"isOperational\":true}","timestamp":"2025-02-13T18:47:30.854Z"}
{"level":"error","message":"ERROR: Fri Feb 14 2025 00:18:03 GMT+0530 (India Standard Time) - {\"name\":\"UN_AUTHORIZED\",\"statuscode\":403,\"isOperational\":true}","timestamp":"2025-02-13T18:48:03.562Z"}
{"level":"error","message":"ERROR: Fri Feb 14 2025 00:18:16 GMT+0530 (India Standard Time) - {\"name\":\"UN_AUTHORIZED\",\"statuscode\":403,\"isOperational\":true}","timestamp":"2025-02-13T18:48:16.090Z"}
{"level":"error","message":"ERROR: Fri Feb 14 2025 00:18:28 GMT+0530 (India Standard Time) - {\"name\":\"UN_AUTHORIZED\",\"statuscode\":403,\"isOperational\":true}","timestamp":"2025-02-13T18:48:28.439Z"}
{"level":"error","message":"ERROR: Fri Feb 14 2025 00:20:24 GMT+0530 (India Standard Time) - {\"name\":\"UN_AUTHORIZED\",\"statuscode\":403,\"isOperational\":true}","timestamp":"2025-02-13T18:50:24.580Z"}
{"level":"error","message":"ERROR: Fri Feb 14 2025 00:21:50 GMT+0530 (India Standard Time) - {\"name\":\"UN_AUTHORIZED\",\"statuscode\":400,\"isOperational\":true}","timestamp":"2025-02-13T18:51:50.349Z"}
{"level":"error","message":"ERROR: Fri Feb 14 2025 00:22:20 GMT+0530 (India Standard Time) - {\"name\":\"UN_AUTHORIZED\",\"statuscode\":403,\"isOperational\":true}","timestamp":"2025-02-13T18:52:20.448Z"}
{"level":"error","message":"ERROR: Fri Feb 14 2025 00:24:14 GMT+0530 (India Standard Time) - {\"name\":\"UN_AUTHORIZED\",\"statuscode\":403,\"isOperational\":true}","timestamp":"2025-02-13T18:54:14.539Z"}
{"level":"error","message":"ERROR: Fri Feb 14 2025 00:26:25 GMT+0530 (India Standard Time) - {\"name\":\"UN_AUTHORIZED\",\"statuscode\":403,\"isOperational\":true}","timestamp":"2025-02-13T18:56:25.447Z"}
{"level":"error","message":"ERROR: Fri Feb 14 2025 00:28:36 GMT+0530 (India Standard Time) - {\"name\":\"UN_AUTHORIZED\",\"statuscode\":403,\"isOperational\":true}","timestamp":"2025-02-13T18:58:36.559Z"}
{"level":"error","message":"ERROR: Fri Feb 14 2025 00:29:42 GMT+0530 (India Standard Time) - {\"name\":\"UN_AUTHORIZED\",\"statuscode\":403,\"isOperational\":true}","timestamp":"2025-02-13T18:59:42.906Z"}
{"level":"error","message":"ERROR: Fri Feb 14 2025 00:34:54 GMT+0530 (India Standard Time) - {\"name\":\"UN_AUTHORIZED\",\"statuscode\":403,\"isOperational\":true}","timestamp":"2025-02-13T19:04:54.988Z"}
{"level":"error","message":"ERROR: Fri Feb 14 2025 00:36:03 GMT+0530 (India Standard Time) - {\"name\":\"UN_AUTHORIZED\",\"statuscode\":403,\"isOperational\":true}","timestamp":"2025-02-13T19:06:03.950Z"}
{"level":"error","message":"ERROR: Fri Feb 14 2025 00:36:32 GMT+0530 (India Standard Time) - {\"name\":\"UN_AUTHORIZED\",\"statuscode\":403,\"isOperational\":true}","timestamp":"2025-02-13T19:06:32.948Z"}
{"level":"error","message":"ERROR: Fri Feb 14 2025 00:36:58 GMT+0530 (India Standard Time) - {\"name\":\"UN_AUTHORIZED\",\"statuscode\":403,\"isOperational\":true}","timestamp":"2025-02-13T19:06:58.682Z"}
{"level":"error","message":"ERROR: Fri Feb 14 2025 00:37:25 GMT+0530 (India Standard Time) - {\"name\":\"UN_AUTHORIZED\",\"statuscode\":403,\"isOperational\":true}","timestamp":"2025-02-13T19:07:25.355Z"}
{"level":"error","message":"ERROR: Fri Feb 14 2025 00:38:43 GMT+0530 (India Standard Time) - {\"name\":\"UN_AUTHORIZED\",\"statuscode\":403,\"isOperational\":true}","timestamp":"2025-02-13T19:08:43.086Z"}
{"level":"error","message":"ERROR: Fri Feb 14 2025 00:40:45 GMT+0530 (India Standard Time) - {\"name\":\"UN_AUTHORIZED\",\"statuscode\":403,\"isOperational\":true}","timestamp":"2025-02-13T19:10:45.585Z"}
{"level":"error","message":"ERROR: Fri Feb 14 2025 00:42:36 GMT+0530 (India Standard Time) - {\"name\":\"add New Address\",\"statuscode\":500,\"isOperational\":true}","timestamp":"2025-02-13T19:12:36.861Z"}
{"level":"error","message":"ERROR: Fri Feb 14 2025 00:42:59 GMT+0530 (India Standard Time) - {\"name\":\"add New Address\",\"statuscode\":500,\"isOperational\":true}","timestamp":"2025-02-13T19:12:59.753Z"}
{"level":"error","message":"ERROR: Fri Feb 14 2025 00:47:12 GMT+0530 (India Standard Time) - {\"name\":\"UN_AUTHORIZED\",\"statuscode\":403,\"isOperational\":true}","timestamp":"2025-02-13T19:17:12.664Z"}
{"level":"error","message":"ERROR: Fri Feb 14 2025 00:47:31 GMT+0530 (India Standard Time) - {\"name\":\"UN_AUTHORIZED\",\"statuscode\":403,\"isOperational\":true}","timestamp":"2025-02-13T19:17:31.544Z"}
{"level":"error","message":"ERROR: Fri Feb 14 2025 00:47:35 GMT+0530 (India Standard Time) - {\"name\":\"UN_AUTHORIZED\",\"statuscode\":403,\"isOperational\":true}","timestamp":"2025-02-13T19:17:35.600Z"}
{"level":"error","message":"ERROR: Fri Feb 14 2025 00:48:09 GMT+0530 (India Standard Time) - {\"name\":\"add New Address\",\"statuscode\":500,\"isOperational\":true}","timestamp":"2025-02-13T19:18:09.674Z"}
{"level":"error","message":"ERROR: Fri Feb 14 2025 00:50:24 GMT+0530 (India Standard Time) - {\"name\":\"add New Address\",\"statuscode\":500,\"isOperational\":true}","timestamp":"2025-02-13T19:20:24.737Z"}
{"level":"error","message":"ERROR: Fri Feb 14 2025 00:58:53 GMT+0530 (India Standard Time) - {}","timestamp":"2025-02-13T19:28:53.514Z"}
{"level":"error","message":"ERROR: Fri Feb 14 2025 00:59:22 GMT+0530 (India Standard Time) - {}","timestamp":"2025-02-13T19:29:22.042Z"}
{"level":"error","message":"ERROR: Fri Feb 14 2025 01:15:52 GMT+0530 (India Standard Time) - {\"path\":\"addresses\"}","timestamp":"2025-02-13T19:45:52.619Z"}
{"level":"error","message":"ERROR: Fri Feb 14 2025 01:16:10 GMT+0530 (India Standard Time) - {\"path\":\"addresses\"}","timestamp":"2025-02-13T19:46:10.593Z"}
{"level":"error","message":"ERROR: Fri Feb 14 2025 01:18:46 GMT+0530 (India Standard Time) - {\"path\":\"addresses\"}","timestamp":"2025-02-13T19:48:46.570Z"}
{"level":"error","message":"ERROR: Fri Feb 14 2025 01:21:53 GMT+0530 (India Standard Time) - {\"name\":\"get profile\",\"statuscode\":500,\"isOperational\":true}","timestamp":"2025-02-13T19:51:53.315Z"}
{"level":"error","message":"ERROR: Fri Feb 14 2025 01:22:50 GMT+0530 (India Standard Time) - {\"name\":\"Cannot populate path `addresses` because it is not in your schema. Set the `strictPopulate` option to false to override.\",\"statuscode\":500,\"isOperational\":true}","timestamp":"2025-02-13T19:52:50.259Z"}
{"level":"error","message":"ERROR: Fri Feb 14 2025 01:24:02 GMT+0530 (India Standard Time) - {\"name\":\"Cannot populate path `addresses` because it is not in your schema. Set the `strictPopulate` option to false to override.\",\"statuscode\":500,\"isOperational\":true}","timestamp":"2025-02-13T19:54:02.794Z"}
{"level":"error","message":"ERROR: Fri Feb 14 2025 01:24:39 GMT+0530 (India Standard Time) - {\"name\":\"\\\"get profile\\\"\",\"statuscode\":500,\"isOperational\":true}","timestamp":"2025-02-13T19:54:39.136Z"}
{"level":"error","message":"ERROR: Fri Feb 14 2025 01:26:54 GMT+0530 (India Standard Time) - {\"name\":\"\\\"get profile\\\"\",\"statuscode\":500,\"isOperational\":true}","timestamp":"2025-02-13T19:56:54.878Z"}
{"level":"error","message":"ERROR: Fri Feb 14 2025 01:28:28 GMT+0530 (India Standard Time) - {\"name\":\"\\\"get profile\\\"\",\"statuscode\":500,\"isOperational\":true}","timestamp":"2025-02-13T19:58:28.749Z"}
{"level":"error","message":"ERROR: Fri Feb 14 2025 01:30:20 GMT+0530 (India Standard Time) - {\"name\":\"\\\"get profile\\\"\",\"statuscode\":500,\"isOperational\":true}","timestamp":"2025-02-13T20:00:20.902Z"}
{"level":"error","message":"ERROR: Fri Feb 14 2025 01:30:47 GMT+0530 (India Standard Time) - {\"name\":\"add New Address\",\"statuscode\":500,\"isOperational\":true}","timestamp":"2025-02-13T20:00:47.025Z"}
{"level":"error","message":"ERROR: Fri Feb 14 2025 01:36:53 GMT+0530 (India Standard Time) - {\"name\":\"\\\"get profile\\\"\",\"statuscode\":500,\"isOperational\":true}","timestamp":"2025-02-13T20:06:54.002Z"}
{"level":"error","message":"ERROR: Fri Feb 14 2025 01:37:44 GMT+0530 (India Standard Time) - {\"name\":\"\\\"get profile\\\"\",\"statuscode\":500,\"isOperational\":true}","timestamp":"2025-02-13T20:07:44.486Z"}
{"level":"error","message":"ERROR: Fri Feb 14 2025 01:44:02 GMT+0530 (India Standard Time) - {\"name\":\"add New Address\",\"statuscode\":500,\"isOperational\":true}","timestamp":"2025-02-13T20:14:02.301Z"}
{"level":"error","message":"ERROR: Fri Feb 14 2025 01:44:20 GMT+0530 (India Standard Time) - {\"name\":\"add New Address\",\"statuscode\":500,\"isOperational\":true}","timestamp":"2025-02-13T20:14:20.651Z"}
{"level":"error","message":"ERROR: Fri Feb 14 2025 01:44:31 GMT+0530 (India Standard Time) - {\"name\":\"add New Address\",\"statuscode\":500,\"isOperational\":true}","timestamp":"2025-02-13T20:14:31.133Z"}
{"level":"error","message":"ERROR: Fri Feb 14 2025 01:45:36 GMT+0530 (India Standard Time) - {\"name\":\"add New Address\",\"statuscode\":500,\"isOperational\":true}","timestamp":"2025-02-13T20:15:36.669Z"}
{"level":"error","message":"ERROR: Fri Feb 14 2025 01:48:16 GMT+0530 (India Standard Time) - {\"name\":\"add New Address\",\"statuscode\":500,\"isOperational\":true}","timestamp":"2025-02-13T20:18:16.649Z"}
{"level":"error","message":"ERROR: Fri Feb 14 2025 01:48:48 GMT+0530 (India Standard Time) - {\"name\":\"add New Address\",\"statuscode\":500,\"isOperational\":true}","timestamp":"2025-02-13T20:18:48.375Z"}
{"level":"error","message":"ERROR: Fri Feb 14 2025 01:56:18 GMT+0530 (India Standard Time) - {\"name\":\"add New Address\",\"statuscode\":500,\"isOperational\":true}","timestamp":"2025-02-13T20:26:18.123Z"}
{"level":"error","message":"ERROR: Fri Feb 14 2025 02:36:33 GMT+0530 (India Standard Time) - {\"name\":\"Failed to create user\",\"statuscode\":500,\"isOperational\":true}","timestamp":"2025-02-13T21:06:33.884Z"}
{"level":"error","message":"ERROR: Fri Feb 14 2025 02:40:37 GMT+0530 (India Standard Time) - {\"name\":\"UN_AUTHORIZED\",\"statuscode\":403,\"isOperational\":true}","timestamp":"2025-02-13T21:10:37.535Z"}
{"level":"error","message":"ERROR: Fri Feb 14 2025 02:41:31 GMT+0530 (India Standard Time) - {\"name\":\"add New Address\",\"statuscode\":500,\"isOperational\":true}","timestamp":"2025-02-13T21:11:31.135Z"}
{"level":"error","message":"ERROR: Fri Feb 14 2025 03:03:47 GMT+0530 (India Standard Time) - {\"name\":\"UN_AUTHORIZED\",\"statuscode\":403,\"isOperational\":true}","timestamp":"2025-02-13T21:33:47.576Z"}
